#
# There is insufficient memory for the Java Runtime Environment to continue.
# Native memory allocation (mmap) failed to map 67108864 bytes for G1 virtual space
# Possible reasons:
#   The system is out of physical RAM or swap space
#   The process is running with CompressedOops enabled, and the Java Heap may be blocking the growth of the native heap
# Possible solutions:
#   Reduce memory load on the system
#   Increase physical memory or swap space
#   Check if swap backing store is full
#   Decrease Java heap size (-Xmx/-Xms)
#   Decrease number of Java threads
#   Decrease Java thread stack sizes (-Xss)
#   Set larger code cache with -XX:ReservedCodeCacheSize=
#   JVM is running with Unscaled Compressed Oops mode in which the Java heap is
#     placed in the first 4GB address space. The Java Heap base address is the
#     maximum limit for the native heap growth. Please use -XX:HeapBaseMinAddress
#     to set the Java Heap base and to place the Java Heap above 4GB virtual address.
# This output file may be truncated or incomplete.
#
#  Out of Memory Error (os_windows.cpp:3747), pid=2160, tid=6072
#
# JRE version:  (17.0.3+7) (build )
# Java VM: OpenJDK 64-Bit Server VM (17.0.3+7-b469.37, mixed mode, sharing, tiered, compressed oops, compressed class ptrs, g1 gc, windows-amd64)
# No core dump will be written. Minidumps are not enabled by default on client versions of Windows
#

---------------  S U M M A R Y ------------

Command Line: git4idea.http.GitAskPassApp Username for 'https://github.com': 

Host: Intel(R) Core(TM) i3-6006U CPU @ 2.00GHz, 4 cores, 3G,  Windows 10 , 64 bit Build 19041 (10.0.19041.2364)
Time: Thu Jan  5 21:12:06 2023  Windows 10 , 64 bit Build 19041 (10.0.19041.2364) elapsed time: 0.083125 seconds (0d 0h 0m 0s)

---------------  T H R E A D  ---------------

Current thread (0x0000012522d60d20):  JavaThread "Unknown thread" [_thread_in_vm, id=6072, stack(0x0000002278d00000,0x0000002278e00000)]

Stack: [0x0000002278d00000,0x0000002278e00000]
Native frames: (J=compiled Java code, j=interpreted, Vv=VM code, C=native code)
V  [jvm.dll+0x681f8a]
V  [jvm.dll+0x83e374]
V  [jvm.dll+0x83fb1e]
V  [jvm.dll+0x840183]
V  [jvm.dll+0x2492a5]
V  [jvm.dll+0x67ee59]
V  [jvm.dll+0x67355a]
V  [jvm.dll+0x308fab]
V  [jvm.dll+0x310466]
V  [jvm.dll+0x3601de]
V  [jvm.dll+0x36040f]
V  [jvm.dll+0x2df098]
V  [jvm.dll+0x2e0004]
V  [jvm.dll+0x80fc61]
V  [jvm.dll+0x36df61]
V  [jvm.dll+0x7ef17c]
V  [jvm.dll+0x3f10ef]
V  [jvm.dll+0x3f2c31]
C  [jli.dll+0x526b]
C  [ucrtbase.dll+0x21bb2]
C  [KERNEL32.DLL+0x17614]
C  [ntdll.dll+0x526a1]


---------------  P R O C E S S  ---------------

Threads class SMR info:
_java_thread_list=0x00007ff8bd6f6f18, length=0, elements={
}

Java Threads: ( => current thread )

Other Threads:
  0x0000012522d9c680 GCTaskThread "GC Thread#0" [stack: 0x0000002278e00000,0x0000002278f00000] [id=10276]
  0x0000012522da5340 ConcurrentGCThread "G1 Main Marker" [stack: 0x0000002278f00000,0x0000002279000000] [id=12924]
  0x0000012522da5d50 ConcurrentGCThread "G1 Conc#0" [stack: 0x0000002279000000,0x0000002279100000] [id=2764]

[error occurred during error reporting (printing all threads), id 0xc0000005, EXCEPTION_ACCESS_VIOLATION (0xc0000005) at pc=0x00007ff8bceafc57]

VM state: not at safepoint (not fully initialized)

VM Mutex/Monitor currently owned by a thread:  ([mutex/lock_event])
[0x0000012522d5bf50] Heap_lock - owner thread: 0x0000012522d60d20

Heap address: 0x00000000c1400000, size: 1004 MB, Compressed Oops mode: 32-bit

CDS archive(s) mapped at: [0x0000000000000000-0x0000000000000000-0x0000000000000000), size 0, SharedBaseAddress: 0x0000000800000000, ArchiveRelocationMode: 0.
Narrow klass base: 0x0000000000000000, Narrow klass shift: 0, Narrow klass range: 0x0

GC Precious Log:
<Empty>

Heap:
 garbage-first heap   total 0K, used 0K [0x00000000c1400000, 0x0000000100000000)
  region size 1024K, 0 young (0K), 0 survivors (0K)

[error occurred during error reporting (printing heap information), id 0xc0000005, EXCEPTION_ACCESS_VIOLATION (0xc0000005) at pc=0x00007ff8bd29bbd9]

GC Heap History (0 events):
No events

Deoptimization events (0 events):
No events

Classes unloaded (0 events):
No events

Classes redefined (0 events):
No events

Internal exceptions (0 events):
No events

VM Operations (0 events):
No events

Events (1 events):
Event: 0.043 Loaded shared library C:\Program Files\JetBrains\PhpStorm 2022.2.1\jbr\bin\java.dll


Dynamic libraries:
0x00007ff6096b0000 - 0x00007ff6096ba000 	C:\Program Files\JetBrains\PhpStorm 2022.2.1\jbr\bin\java.exe
0x00007ff9217d0000 - 0x00007ff9219c8000 	C:\Windows\SYSTEM32\ntdll.dll
0x00007ff921390000 - 0x00007ff92144f000 	C:\Windows\System32\KERNEL32.DLL
0x00007ff91f430000 - 0x00007ff91f702000 	C:\Windows\System32\KERNELBASE.dll
0x00007ff91f710000 - 0x00007ff91f810000 	C:\Windows\System32\ucrtbase.dll
0x00007ff9176e0000 - 0x00007ff9176f7000 	C:\Program Files\JetBrains\PhpStorm 2022.2.1\jbr\bin\jli.dll
0x00007ff9204d0000 - 0x00007ff920671000 	C:\Windows\System32\USER32.dll
0x00007ff91f110000 - 0x00007ff91f132000 	C:\Windows\System32\win32u.dll
0x00007ff9204a0000 - 0x00007ff9204cb000 	C:\Windows\System32\GDI32.dll
0x00007ff91f140000 - 0x00007ff91f24f000 	C:\Windows\System32\gdi32full.dll
0x00007ff91eec0000 - 0x00007ff91ef5d000 	C:\Windows\System32\msvcp_win.dll
0x00007ff916dd0000 - 0x00007ff916deb000 	C:\Program Files\JetBrains\PhpStorm 2022.2.1\jbr\bin\VCRUNTIME140.dll
0x00007ff909b90000 - 0x00007ff909e2a000 	C:\Windows\WinSxS\amd64_microsoft.windows.common-controls_6595b64144ccf1df_6.0.19041.1110_none_60b5254171f9507e\COMCTL32.dll
0x00007ff9206e0000 - 0x00007ff92077e000 	C:\Windows\System32\msvcrt.dll
0x00007ff91ffc0000 - 0x00007ff91fff2000 	C:\Windows\System32\IMM32.DLL
0x00007ff9176c0000 - 0x00007ff9176cc000 	C:\Program Files\JetBrains\PhpStorm 2022.2.1\jbr\bin\vcruntime140_1.dll
0x00007ff8f9d10000 - 0x00007ff8f9d9d000 	C:\Program Files\JetBrains\PhpStorm 2022.2.1\jbr\bin\msvcp140.dll
0x00007ff8bcbc0000 - 0x00007ff8bd828000 	C:\Program Files\JetBrains\PhpStorm 2022.2.1\jbr\bin\server\jvm.dll
0x00007ff920090000 - 0x00007ff92013e000 	C:\Windows\System32\ADVAPI32.dll
0x00007ff91ff20000 - 0x00007ff91ffbc000 	C:\Windows\System32\sechost.dll
0x00007ff921260000 - 0x00007ff921385000 	C:\Windows\System32\RPCRT4.dll
0x00007ff91ff10000 - 0x00007ff91ff18000 	C:\Windows\System32\PSAPI.DLL
0x00007ff91d5f0000 - 0x00007ff91d5f9000 	C:\Windows\SYSTEM32\WSOCK32.dll
0x00007ff921170000 - 0x00007ff9211db000 	C:\Windows\System32\WS2_32.dll
0x00007ff909680000 - 0x00007ff9096a7000 	C:\Windows\SYSTEM32\WINMM.dll
0x00007ff917430000 - 0x00007ff91743a000 	C:\Windows\SYSTEM32\VERSION.dll
0x00007ff91d740000 - 0x00007ff91d752000 	C:\Windows\SYSTEM32\kernel.appcore.dll
0x00007ff918e50000 - 0x00007ff918e5a000 	C:\Program Files\JetBrains\PhpStorm 2022.2.1\jbr\bin\jimage.dll
0x00007ff91d3e0000 - 0x00007ff91d5c4000 	C:\Windows\SYSTEM32\DBGHELP.DLL
0x00007ff90ef30000 - 0x00007ff90ef65000 	C:\Windows\SYSTEM32\dbgcore.DLL
0x00007ff91f330000 - 0x00007ff91f3b2000 	C:\Windows\System32\bcryptPrimitives.dll
0x00007ff8f9f70000 - 0x00007ff8f9f95000 	C:\Program Files\JetBrains\PhpStorm 2022.2.1\jbr\bin\java.dll

dbghelp: loaded successfully - version: 4.0.5 - missing functions: none
symbol engine: initialized successfully - sym options: 0x614 - pdb path: .;C:\Program Files\JetBrains\PhpStorm 2022.2.1\jbr\bin;C:\Windows\SYSTEM32;C:\Windows\WinSxS\amd64_microsoft.windows.common-controls_6595b64144ccf1df_6.0.19041.1110_none_60b5254171f9507e;C:\Program Files\JetBrains\PhpStorm 2022.2.1\jbr\bin\server

VM Arguments:
java_command: git4idea.http.GitAskPassApp Username for 'https://github.com': 
java_class_path (initial): C:/Program Files/JetBrains/PhpStorm 2022.2.1/plugins/git4idea/lib/git4idea-rt.jar;C:/Program Files/JetBrains/PhpStorm 2022.2.1/lib/externalProcess-rt.jar;C:/Program Files/JetBrains/PhpStorm 2022.2.1/lib/app.jar;C:/Program Files/JetBrains/PhpStorm 2022.2.1/lib/3rd-party-rt.jar
Launcher Type: SUN_STANDARD

[Global flags]
     intx CICompilerCount                          = 3                                         {product} {ergonomic}
     uint ConcGCThreads                            = 1                                         {product} {ergonomic}
     uint G1ConcRefinementThreads                  = 4                                         {product} {ergonomic}
   size_t G1HeapRegionSize                         = 1048576                                   {product} {ergonomic}
    uintx GCDrainStackTargetSize                   = 64                                        {product} {ergonomic}
   size_t InitialHeapSize                          = 67108864                                  {product} {ergonomic}
   size_t MarkStackSize                            = 4194304                                   {product} {ergonomic}
   size_t MaxHeapSize                              = 1052770304                                {product} {ergonomic}
   size_t MinHeapDeltaBytes                        = 1048576                                   {product} {ergonomic}
   size_t MinHeapSize                              = 8388608                                   {product} {ergonomic}
    uintx NonNMethodCodeHeapSize                   = 5832780                                {pd product} {ergonomic}
    uintx NonProfiledCodeHeapSize                  = 122912730                              {pd product} {ergonomic}
    uintx ProfiledCodeHeapSize                     = 122912730                              {pd product} {ergonomic}
    uintx ReservedCodeCacheSize                    = 251658240                              {pd product} {ergonomic}
     bool SegmentedCodeCache                       = true                                      {product} {ergonomic}
   size_t SoftMaxHeapSize                          = 1052770304                             {manageable} {ergonomic}
     bool UseCompressedClassPointers               = true                           {product lp64_product} {ergonomic}
     bool UseCompressedOops                        = true                           {product lp64_product} {ergonomic}
     bool UseG1GC                                  = true                                      {product} {ergonomic}
     bool UseLargePagesIndividualAllocation        = false                                  {pd product} {ergonomic}

Logging:
Log output configuration:
 #0: stdout all=warning uptime,level,tags
 #1: stderr all=off uptime,level,tags

Environment Variables:
PATH=C:\Program Files\Git\mingw64\libexec\git-core;C:\Program Files\Git\mingw64\libexec\git-core;C:\Program Files\Git\mingw64\bin;C:\Program Files\Git\usr\bin;C:\Users\USER\bin;C:\Program Files (x86)\VMware\VMware Player\bin;C:\Program Files (x86)\Intel\Intel(R) Management Engine Components\iCLS;C:\Program Files\Intel\Intel(R) Management Engine Components\iCLS;C:\Windows\system32;C:\Windows;C:\Windows\System32\Wbem;C:\Windows\System32\WindowsPowerShell\v1.0;C:\Windows\System32\OpenSSH;C:\Program Files (x86)\Intel\Intel(R) Management Engine Components\DAL;C:\Program Files\Intel\Intel(R) Management Engine Components\DAL;C:\Program Files (x86)\Intel\Intel(R) Management Engine Components\IPT;C:\Program Files\Intel\Intel(R) Management Engine Components\IPT;C:\Program Files\Git\cmd;C:\Users\USER\AppData\Local\Microsoft\WindowsApps
USERNAME=¥Ÿ¿∫
DISPLAY=:0.0
LC_ALL=en_US.UTF-8
OS=Windows_NT
PROCESSOR_IDENTIFIER=Intel64 Family 6 Model 78 Stepping 3, GenuineIntel



---------------  S Y S T E M  ---------------

OS:
 Windows 10 , 64 bit Build 19041 (10.0.19041.2364)
OS uptime: 1 days 9:56 hours

CPU: total 4 (initial active 4) (2 cores per cpu, 2 threads per core) family 6 model 78 stepping 3 microcode 0xcc, cx8, cmov, fxsr, ht, mmx, 3dnowpref, sse, sse2, sse3, ssse3, sse4.1, sse4.2, popcnt, lzcnt, tsc, tscinvbit, avx, avx2, aes, erms, clmul, bmi1, bmi2, adx, fma, vzeroupper, clflush, clflushopt

Memory: 4k page, system-wide physical 4014M (382M free)
TotalPageFile size 16302M (AvailPageFile size 5M)
current process WorkingSet (physical memory assigned to process): 10M, peak: 10M
current process commit charge ("private bytes"): 51M, peak: 115M

vm_info: OpenJDK 64-Bit Server VM (17.0.3+7-b469.37) for windows-amd64 JRE (17.0.3+7-b469.37), built on 2022-08-01 by "builduser" with MS VC++ 16.10 / 16.11 (VS2019)

END.
